<?xml version="1.0" encoding="UTF-8"?>
<testng-results ignored="0" total="1" passed="1" failed="0" skipped="0">
  <reporter-output>
  </reporter-output>
  <suite started-at="2024-02-06T10:29:33Z" name="Default suite" finished-at="2024-02-06T10:30:13Z" duration-ms="40162">
    <groups>
    </groups>
    <test started-at="2024-02-06T10:29:33Z" name="Default test" finished-at="2024-02-06T10:30:13Z" duration-ms="40162">
      <class name="tests.BaseClass">
        <test-method signature="simpleTest()[pri:0, instance:tests.BaseClass@2a693f59]" started-at="2024-02-06T10:29:33Z" name="simpleTest" finished-at="2024-02-06T10:30:13Z" duration-ms="40074" status="PASS">
          <reporter-output>
          </reporter-output>
        </test-method> <!-- simpleTest -->
      </class> <!-- tests.BaseClass -->
    </test> <!-- Default test -->
  </suite> <!-- Default suite -->
</testng-results>
