<?xml version="1.0" encoding="UTF-8"?>
<testng-results ignored="0" total="1" passed="1" failed="0" skipped="0">
  <reporter-output>
  </reporter-output>
  <suite started-at="2023-02-21T13:34:32Z" name="Default suite" finished-at="2023-02-21T13:35:03Z" duration-ms="31369">
    <groups>
    </groups>
    <test started-at="2023-02-21T13:34:32Z" name="Default test" finished-at="2023-02-21T13:35:03Z" duration-ms="31369">
      <class name="tests.BaseClass">
        <test-method signature="simpleTest()[pri:0, instance:tests.BaseClass@7daa0fbd]" started-at="2023-02-21T13:34:32Z" name="simpleTest" finished-at="2023-02-21T13:35:03Z" duration-ms="31304" status="PASS">
          <reporter-output>
          </reporter-output>
        </test-method> <!-- simpleTest -->
      </class> <!-- tests.BaseClass -->
    </test> <!-- Default test -->
  </suite> <!-- Default suite -->
</testng-results>
